Determining if the pthread_create exist failed with the following output:
Change Dir: /home/ubuntu/Desktop/ur10e-hanoi/build/iris_ur10e/CMakeFiles/CMakeTmp

Run Build Command:"/usr/bin/make" "cmTC_06736/fast"
/usr/bin/make -f CMakeFiles/cmTC_06736.dir/build.make CMakeFiles/cmTC_06736.dir/build
make[1]: Entering directory '/home/ubuntu/Desktop/ur10e-hanoi/build/iris_ur10e/CMakeFiles/CMakeTmp'
Building C object CMakeFiles/cmTC_06736.dir/CheckSymbolExists.c.o
/usr/bin/cc    -o CMakeFiles/cmTC_06736.dir/CheckSymbolExists.c.o   -c /home/ubuntu/Desktop/ur10e-hanoi/build/iris_ur10e/CMakeFiles/CMakeTmp/CheckSymbolExists.c
Linking C executable cmTC_06736
/usr/bin/cmake -E cmake_link_script CMakeFiles/cmTC_06736.dir/link.txt --verbose=1
/usr/bin/cc      -rdynamic CMakeFiles/cmTC_06736.dir/CheckSymbolExists.c.o  -o cmTC_06736 
CMakeFiles/cmTC_06736.dir/CheckSymbolExists.c.o: In function `main':
CheckSymbolExists.c:(.text+0x1b): undefined reference to `pthread_create'
collect2: error: ld returned 1 exit status
CMakeFiles/cmTC_06736.dir/build.make:97: recipe for target 'cmTC_06736' failed
make[1]: *** [cmTC_06736] Error 1
make[1]: Leaving directory '/home/ubuntu/Desktop/ur10e-hanoi/build/iris_ur10e/CMakeFiles/CMakeTmp'
Makefile:126: recipe for target 'cmTC_06736/fast' failed
make: *** [cmTC_06736/fast] Error 2

File /home/ubuntu/Desktop/ur10e-hanoi/build/iris_ur10e/CMakeFiles/CMakeTmp/CheckSymbolExists.c:
/* */
#include <pthread.h>

int main(int argc, char** argv)
{
  (void)argv;
#ifndef pthread_create
  return ((int*)(&pthread_create))[argc];
#else
  (void)argc;
  return 0;
#endif
}

Determining if the function pthread_create exists in the pthreads failed with the following output:
Change Dir: /home/ubuntu/Desktop/ur10e-hanoi/build/iris_ur10e/CMakeFiles/CMakeTmp

Run Build Command:"/usr/bin/make" "cmTC_84ae0/fast"
/usr/bin/make -f CMakeFiles/cmTC_84ae0.dir/build.make CMakeFiles/cmTC_84ae0.dir/build
make[1]: Entering directory '/home/ubuntu/Desktop/ur10e-hanoi/build/iris_ur10e/CMakeFiles/CMakeTmp'
Building C object CMakeFiles/cmTC_84ae0.dir/CheckFunctionExists.c.o
/usr/bin/cc   -DCHECK_FUNCTION_EXISTS=pthread_create   -o CMakeFiles/cmTC_84ae0.dir/CheckFunctionExists.c.o   -c /usr/share/cmake-3.10/Modules/CheckFunctionExists.c
Linking C executable cmTC_84ae0
/usr/bin/cmake -E cmake_link_script CMakeFiles/cmTC_84ae0.dir/link.txt --verbose=1
/usr/bin/cc  -DCHECK_FUNCTION_EXISTS=pthread_create    -rdynamic CMakeFiles/cmTC_84ae0.dir/CheckFunctionExists.c.o  -o cmTC_84ae0 -lpthreads 
/usr/bin/ld: cannot find -lpthreads
collect2: error: ld returned 1 exit status
CMakeFiles/cmTC_84ae0.dir/build.make:97: recipe for target 'cmTC_84ae0' failed
make[1]: *** [cmTC_84ae0] Error 1
make[1]: Leaving directory '/home/ubuntu/Desktop/ur10e-hanoi/build/iris_ur10e/CMakeFiles/CMakeTmp'
Makefile:126: recipe for target 'cmTC_84ae0/fast' failed
make: *** [cmTC_84ae0/fast] Error 2


