[35m[1mScanning dependencies of target std_msgs_generate_messages_lisp[0m
[  0%] Built target std_msgs_generate_messages_lisp
[35m[1mScanning dependencies of target _rmi_generate_messages_check_deps_MoveArm[0m
[  0%] Built target _rmi_generate_messages_check_deps_MoveArm
[35m[1mScanning dependencies of target std_msgs_generate_messages_py[0m
[  0%] Built target std_msgs_generate_messages_py
[35m[1mScanning dependencies of target std_msgs_generate_messages_cpp[0m
[  0%] Built target std_msgs_generate_messages_cpp
[35m[1mScanning dependencies of target std_msgs_generate_messages_nodejs[0m
[  0%] Built target std_msgs_generate_messages_nodejs
[35m[1mScanning dependencies of target std_msgs_generate_messages_eus[0m
[  0%] Built target std_msgs_generate_messages_eus
[  0%] Built target rmi_xacro_generated_to_devel_space_
[35m[1mScanning dependencies of target rmi_generate_messages_lisp[0m
[ 14%] [34m[1mGenerating Lisp code from rmi/MoveArm.srv[0m
[ 14%] Built target rmi_generate_messages_lisp
[35m[1mScanning dependencies of target rmi_generate_messages_py[0m
[ 28%] [34m[1mGenerating Python code from SRV rmi/MoveArm[0m
[ 42%] [34m[1mGenerating Python srv __init__.py for rmi[0m
[ 42%] Built target rmi_generate_messages_py
[35m[1mScanning dependencies of target rmi_generate_messages_cpp[0m
[ 57%] [34m[1mGenerating C++ code from rmi/MoveArm.srv[0m
[ 57%] Built target rmi_generate_messages_cpp
[35m[1mScanning dependencies of target rmi_generate_messages_nodejs[0m
[ 71%] [34m[1mGenerating Javascript code from rmi/MoveArm.srv[0m
[ 71%] Built target rmi_generate_messages_nodejs
[35m[1mScanning dependencies of target rmi_generate_messages_eus[0m
[ 85%] [34m[1mGenerating EusLisp code from rmi/MoveArm.srv[0m
[100%] [34m[1mGenerating EusLisp manifest code for rmi[0m
[100%] Built target rmi_generate_messages_eus
[35m[1mScanning dependencies of target rmi_generate_messages[0m
[100%] Built target rmi_generate_messages
