Determining if the pthread_create exist failed with the following output:
Change Dir: /home/ubuntu/Desktop/ur10e-hanoi/build/rmi/CMakeFiles/CMakeTmp

Run Build Command:"/usr/bin/make" "cmTC_f07aa/fast"
/usr/bin/make -f CMakeFiles/cmTC_f07aa.dir/build.make CMakeFiles/cmTC_f07aa.dir/build
make[1]: Entering directory '/home/ubuntu/Desktop/ur10e-hanoi/build/rmi/CMakeFiles/CMakeTmp'
Building C object CMakeFiles/cmTC_f07aa.dir/CheckSymbolExists.c.o
/usr/bin/cc    -o CMakeFiles/cmTC_f07aa.dir/CheckSymbolExists.c.o   -c /home/ubuntu/Desktop/ur10e-hanoi/build/rmi/CMakeFiles/CMakeTmp/CheckSymbolExists.c
Linking C executable cmTC_f07aa
/usr/bin/cmake -E cmake_link_script CMakeFiles/cmTC_f07aa.dir/link.txt --verbose=1
/usr/bin/cc      -rdynamic CMakeFiles/cmTC_f07aa.dir/CheckSymbolExists.c.o  -o cmTC_f07aa 
CMakeFiles/cmTC_f07aa.dir/CheckSymbolExists.c.o: In function `main':
CheckSymbolExists.c:(.text+0x1b): undefined reference to `pthread_create'
collect2: error: ld returned 1 exit status
CMakeFiles/cmTC_f07aa.dir/build.make:97: recipe for target 'cmTC_f07aa' failed
make[1]: *** [cmTC_f07aa] Error 1
make[1]: Leaving directory '/home/ubuntu/Desktop/ur10e-hanoi/build/rmi/CMakeFiles/CMakeTmp'
Makefile:126: recipe for target 'cmTC_f07aa/fast' failed
make: *** [cmTC_f07aa/fast] Error 2

File /home/ubuntu/Desktop/ur10e-hanoi/build/rmi/CMakeFiles/CMakeTmp/CheckSymbolExists.c:
/* */
#include <pthread.h>

int main(int argc, char** argv)
{
  (void)argv;
#ifndef pthread_create
  return ((int*)(&pthread_create))[argc];
#else
  (void)argc;
  return 0;
#endif
}

Determining if the function pthread_create exists in the pthreads failed with the following output:
Change Dir: /home/ubuntu/Desktop/ur10e-hanoi/build/rmi/CMakeFiles/CMakeTmp

Run Build Command:"/usr/bin/make" "cmTC_fa022/fast"
/usr/bin/make -f CMakeFiles/cmTC_fa022.dir/build.make CMakeFiles/cmTC_fa022.dir/build
make[1]: Entering directory '/home/ubuntu/Desktop/ur10e-hanoi/build/rmi/CMakeFiles/CMakeTmp'
Building C object CMakeFiles/cmTC_fa022.dir/CheckFunctionExists.c.o
/usr/bin/cc   -DCHECK_FUNCTION_EXISTS=pthread_create   -o CMakeFiles/cmTC_fa022.dir/CheckFunctionExists.c.o   -c /usr/share/cmake-3.10/Modules/CheckFunctionExists.c
Linking C executable cmTC_fa022
/usr/bin/cmake -E cmake_link_script CMakeFiles/cmTC_fa022.dir/link.txt --verbose=1
/usr/bin/cc  -DCHECK_FUNCTION_EXISTS=pthread_create    -rdynamic CMakeFiles/cmTC_fa022.dir/CheckFunctionExists.c.o  -o cmTC_fa022 -lpthreads 
/usr/bin/ld: cannot find -lpthreads
collect2: error: ld returned 1 exit status
CMakeFiles/cmTC_fa022.dir/build.make:97: recipe for target 'cmTC_fa022' failed
make[1]: *** [cmTC_fa022] Error 1
make[1]: Leaving directory '/home/ubuntu/Desktop/ur10e-hanoi/build/rmi/CMakeFiles/CMakeTmp'
Makefile:126: recipe for target 'cmTC_fa022/fast' failed
make: *** [cmTC_fa022/fast] Error 2


