Determining if the pthread_create exist failed with the following output:
Change Dir: /home/ubuntu/Desktop/ur10e-hanoi/build/ur_kinematics/CMakeFiles/CMakeTmp

Run Build Command:"/usr/bin/make" "cmTC_90418/fast"
/usr/bin/make -f CMakeFiles/cmTC_90418.dir/build.make CMakeFiles/cmTC_90418.dir/build
make[1]: Entering directory '/home/ubuntu/Desktop/ur10e-hanoi/build/ur_kinematics/CMakeFiles/CMakeTmp'
Building C object CMakeFiles/cmTC_90418.dir/CheckSymbolExists.c.o
/usr/bin/cc    -o CMakeFiles/cmTC_90418.dir/CheckSymbolExists.c.o   -c /home/ubuntu/Desktop/ur10e-hanoi/build/ur_kinematics/CMakeFiles/CMakeTmp/CheckSymbolExists.c
Linking C executable cmTC_90418
/usr/bin/cmake -E cmake_link_script CMakeFiles/cmTC_90418.dir/link.txt --verbose=1
/usr/bin/cc      -rdynamic CMakeFiles/cmTC_90418.dir/CheckSymbolExists.c.o  -o cmTC_90418 
CMakeFiles/cmTC_90418.dir/CheckSymbolExists.c.o: In function `main':
CheckSymbolExists.c:(.text+0x1b): undefined reference to `pthread_create'
collect2: error: ld returned 1 exit status
CMakeFiles/cmTC_90418.dir/build.make:97: recipe for target 'cmTC_90418' failed
make[1]: *** [cmTC_90418] Error 1
make[1]: Leaving directory '/home/ubuntu/Desktop/ur10e-hanoi/build/ur_kinematics/CMakeFiles/CMakeTmp'
Makefile:126: recipe for target 'cmTC_90418/fast' failed
make: *** [cmTC_90418/fast] Error 2

File /home/ubuntu/Desktop/ur10e-hanoi/build/ur_kinematics/CMakeFiles/CMakeTmp/CheckSymbolExists.c:
/* */
#include <pthread.h>

int main(int argc, char** argv)
{
  (void)argv;
#ifndef pthread_create
  return ((int*)(&pthread_create))[argc];
#else
  (void)argc;
  return 0;
#endif
}

Determining if the function pthread_create exists in the pthreads failed with the following output:
Change Dir: /home/ubuntu/Desktop/ur10e-hanoi/build/ur_kinematics/CMakeFiles/CMakeTmp

Run Build Command:"/usr/bin/make" "cmTC_1d33e/fast"
/usr/bin/make -f CMakeFiles/cmTC_1d33e.dir/build.make CMakeFiles/cmTC_1d33e.dir/build
make[1]: Entering directory '/home/ubuntu/Desktop/ur10e-hanoi/build/ur_kinematics/CMakeFiles/CMakeTmp'
Building C object CMakeFiles/cmTC_1d33e.dir/CheckFunctionExists.c.o
/usr/bin/cc   -DCHECK_FUNCTION_EXISTS=pthread_create   -o CMakeFiles/cmTC_1d33e.dir/CheckFunctionExists.c.o   -c /usr/share/cmake-3.10/Modules/CheckFunctionExists.c
Linking C executable cmTC_1d33e
/usr/bin/cmake -E cmake_link_script CMakeFiles/cmTC_1d33e.dir/link.txt --verbose=1
/usr/bin/cc  -DCHECK_FUNCTION_EXISTS=pthread_create    -rdynamic CMakeFiles/cmTC_1d33e.dir/CheckFunctionExists.c.o  -o cmTC_1d33e -lpthreads 
/usr/bin/ld: cannot find -lpthreads
collect2: error: ld returned 1 exit status
CMakeFiles/cmTC_1d33e.dir/build.make:97: recipe for target 'cmTC_1d33e' failed
make[1]: *** [cmTC_1d33e] Error 1
make[1]: Leaving directory '/home/ubuntu/Desktop/ur10e-hanoi/build/ur_kinematics/CMakeFiles/CMakeTmp'
Makefile:126: recipe for target 'cmTC_1d33e/fast' failed
make: *** [cmTC_1d33e/fast] Error 2


