Determining if the pthread_create exist failed with the following output:
Change Dir: /home/ubuntu/Desktop/ur10e-hanoi/build/ur10_e_moveit_config/CMakeFiles/CMakeTmp

Run Build Command:"/usr/bin/make" "cmTC_dcc48/fast"
/usr/bin/make -f CMakeFiles/cmTC_dcc48.dir/build.make CMakeFiles/cmTC_dcc48.dir/build
make[1]: Entering directory '/home/ubuntu/Desktop/ur10e-hanoi/build/ur10_e_moveit_config/CMakeFiles/CMakeTmp'
Building C object CMakeFiles/cmTC_dcc48.dir/CheckSymbolExists.c.o
/usr/bin/cc    -o CMakeFiles/cmTC_dcc48.dir/CheckSymbolExists.c.o   -c /home/ubuntu/Desktop/ur10e-hanoi/build/ur10_e_moveit_config/CMakeFiles/CMakeTmp/CheckSymbolExists.c
Linking C executable cmTC_dcc48
/usr/bin/cmake -E cmake_link_script CMakeFiles/cmTC_dcc48.dir/link.txt --verbose=1
/usr/bin/cc      -rdynamic CMakeFiles/cmTC_dcc48.dir/CheckSymbolExists.c.o  -o cmTC_dcc48 
CMakeFiles/cmTC_dcc48.dir/CheckSymbolExists.c.o: In function `main':
CheckSymbolExists.c:(.text+0x1b): undefined reference to `pthread_create'
collect2: error: ld returned 1 exit status
CMakeFiles/cmTC_dcc48.dir/build.make:97: recipe for target 'cmTC_dcc48' failed
make[1]: *** [cmTC_dcc48] Error 1
make[1]: Leaving directory '/home/ubuntu/Desktop/ur10e-hanoi/build/ur10_e_moveit_config/CMakeFiles/CMakeTmp'
Makefile:126: recipe for target 'cmTC_dcc48/fast' failed
make: *** [cmTC_dcc48/fast] Error 2

File /home/ubuntu/Desktop/ur10e-hanoi/build/ur10_e_moveit_config/CMakeFiles/CMakeTmp/CheckSymbolExists.c:
/* */
#include <pthread.h>

int main(int argc, char** argv)
{
  (void)argv;
#ifndef pthread_create
  return ((int*)(&pthread_create))[argc];
#else
  (void)argc;
  return 0;
#endif
}

Determining if the function pthread_create exists in the pthreads failed with the following output:
Change Dir: /home/ubuntu/Desktop/ur10e-hanoi/build/ur10_e_moveit_config/CMakeFiles/CMakeTmp

Run Build Command:"/usr/bin/make" "cmTC_18d79/fast"
/usr/bin/make -f CMakeFiles/cmTC_18d79.dir/build.make CMakeFiles/cmTC_18d79.dir/build
make[1]: Entering directory '/home/ubuntu/Desktop/ur10e-hanoi/build/ur10_e_moveit_config/CMakeFiles/CMakeTmp'
Building C object CMakeFiles/cmTC_18d79.dir/CheckFunctionExists.c.o
/usr/bin/cc   -DCHECK_FUNCTION_EXISTS=pthread_create   -o CMakeFiles/cmTC_18d79.dir/CheckFunctionExists.c.o   -c /usr/share/cmake-3.10/Modules/CheckFunctionExists.c
Linking C executable cmTC_18d79
/usr/bin/cmake -E cmake_link_script CMakeFiles/cmTC_18d79.dir/link.txt --verbose=1
/usr/bin/cc  -DCHECK_FUNCTION_EXISTS=pthread_create    -rdynamic CMakeFiles/cmTC_18d79.dir/CheckFunctionExists.c.o  -o cmTC_18d79 -lpthreads 
/usr/bin/ld: cannot find -lpthreads
collect2: error: ld returned 1 exit status
CMakeFiles/cmTC_18d79.dir/build.make:97: recipe for target 'cmTC_18d79' failed
make[1]: *** [cmTC_18d79] Error 1
make[1]: Leaving directory '/home/ubuntu/Desktop/ur10e-hanoi/build/ur10_e_moveit_config/CMakeFiles/CMakeTmp'
Makefile:126: recipe for target 'cmTC_18d79/fast' failed
make: *** [cmTC_18d79/fast] Error 2


