Determining if the pthread_create exist failed with the following output:
Change Dir: /home/ubuntu/Desktop/ur10e-hanoi/build/iris_sami/CMakeFiles/CMakeTmp

Run Build Command:"/usr/bin/make" "cmTC_68172/fast"
/usr/bin/make -f CMakeFiles/cmTC_68172.dir/build.make CMakeFiles/cmTC_68172.dir/build
make[1]: Entering directory '/home/ubuntu/Desktop/ur10e-hanoi/build/iris_sami/CMakeFiles/CMakeTmp'
Building C object CMakeFiles/cmTC_68172.dir/CheckSymbolExists.c.o
/usr/bin/cc    -o CMakeFiles/cmTC_68172.dir/CheckSymbolExists.c.o   -c /home/ubuntu/Desktop/ur10e-hanoi/build/iris_sami/CMakeFiles/CMakeTmp/CheckSymbolExists.c
Linking C executable cmTC_68172
/usr/bin/cmake -E cmake_link_script CMakeFiles/cmTC_68172.dir/link.txt --verbose=1
/usr/bin/cc      -rdynamic CMakeFiles/cmTC_68172.dir/CheckSymbolExists.c.o  -o cmTC_68172 
CMakeFiles/cmTC_68172.dir/CheckSymbolExists.c.o: In function `main':
CheckSymbolExists.c:(.text+0x1b): undefined reference to `pthread_create'
collect2: error: ld returned 1 exit status
CMakeFiles/cmTC_68172.dir/build.make:97: recipe for target 'cmTC_68172' failed
make[1]: *** [cmTC_68172] Error 1
make[1]: Leaving directory '/home/ubuntu/Desktop/ur10e-hanoi/build/iris_sami/CMakeFiles/CMakeTmp'
Makefile:126: recipe for target 'cmTC_68172/fast' failed
make: *** [cmTC_68172/fast] Error 2

File /home/ubuntu/Desktop/ur10e-hanoi/build/iris_sami/CMakeFiles/CMakeTmp/CheckSymbolExists.c:
/* */
#include <pthread.h>

int main(int argc, char** argv)
{
  (void)argv;
#ifndef pthread_create
  return ((int*)(&pthread_create))[argc];
#else
  (void)argc;
  return 0;
#endif
}

Determining if the function pthread_create exists in the pthreads failed with the following output:
Change Dir: /home/ubuntu/Desktop/ur10e-hanoi/build/iris_sami/CMakeFiles/CMakeTmp

Run Build Command:"/usr/bin/make" "cmTC_b4fca/fast"
/usr/bin/make -f CMakeFiles/cmTC_b4fca.dir/build.make CMakeFiles/cmTC_b4fca.dir/build
make[1]: Entering directory '/home/ubuntu/Desktop/ur10e-hanoi/build/iris_sami/CMakeFiles/CMakeTmp'
Building C object CMakeFiles/cmTC_b4fca.dir/CheckFunctionExists.c.o
/usr/bin/cc   -DCHECK_FUNCTION_EXISTS=pthread_create   -o CMakeFiles/cmTC_b4fca.dir/CheckFunctionExists.c.o   -c /usr/share/cmake-3.10/Modules/CheckFunctionExists.c
Linking C executable cmTC_b4fca
/usr/bin/cmake -E cmake_link_script CMakeFiles/cmTC_b4fca.dir/link.txt --verbose=1
/usr/bin/cc  -DCHECK_FUNCTION_EXISTS=pthread_create    -rdynamic CMakeFiles/cmTC_b4fca.dir/CheckFunctionExists.c.o  -o cmTC_b4fca -lpthreads 
/usr/bin/ld: cannot find -lpthreads
collect2: error: ld returned 1 exit status
CMakeFiles/cmTC_b4fca.dir/build.make:97: recipe for target 'cmTC_b4fca' failed
make[1]: *** [cmTC_b4fca] Error 1
make[1]: Leaving directory '/home/ubuntu/Desktop/ur10e-hanoi/build/iris_sami/CMakeFiles/CMakeTmp'
Makefile:126: recipe for target 'cmTC_b4fca/fast' failed
make: *** [cmTC_b4fca/fast] Error 2


