[35m[1mScanning dependencies of target ur_msgs_generate_messages_py[0m
[  0%] Built target ur_msgs_generate_messages_py
[35m[1mScanning dependencies of target ur_msgs_generate_messages_nodejs[0m
[  0%] Built target ur_msgs_generate_messages_nodejs
[35m[1mScanning dependencies of target ur_msgs_generate_messages_lisp[0m
[  0%] Built target ur_msgs_generate_messages_lisp
[35m[1mScanning dependencies of target ur_msgs_generate_messages_eus[0m
[  0%] Built target ur_msgs_generate_messages_eus
[35m[1mScanning dependencies of target ur_msgs_generate_messages_cpp[0m
[  0%] Built target ur_msgs_generate_messages_cpp
[35m[1mScanning dependencies of target ur_dashboard_msgs_generate_messages_py[0m
[  0%] Built target ur_dashboard_msgs_generate_messages_py
[35m[1mScanning dependencies of target ur_dashboard_msgs_generate_messages_lisp[0m
[  0%] Built target ur_dashboard_msgs_generate_messages_lisp
[35m[1mScanning dependencies of target ur_dashboard_msgs_generate_messages_eus[0m
[  0%] Built target ur_dashboard_msgs_generate_messages_eus
[35m[1mScanning dependencies of target ur_dashboard_msgs_generate_messages_cpp[0m
[  0%] Built target ur_dashboard_msgs_generate_messages_cpp
[35m[1mScanning dependencies of target dynamic_reconfigure_generate_messages_py[0m
[  0%] Built target dynamic_reconfigure_generate_messages_py
[35m[1mScanning dependencies of target dynamic_reconfigure_generate_messages_nodejs[0m
[  0%] Built target dynamic_reconfigure_generate_messages_nodejs
[35m[1mScanning dependencies of target dynamic_reconfigure_generate_messages_lisp[0m
[  0%] Built target dynamic_reconfigure_generate_messages_lisp
[35m[1mScanning dependencies of target dynamic_reconfigure_generate_messages_eus[0m
[  0%] Built target dynamic_reconfigure_generate_messages_eus
[35m[1mScanning dependencies of target control_msgs_generate_messages_cpp[0m
[  0%] Built target control_msgs_generate_messages_cpp
[35m[1mScanning dependencies of target roscpp_generate_messages_py[0m
[  0%] Built target roscpp_generate_messages_py
[35m[1mScanning dependencies of target geometry_msgs_generate_messages_eus[0m
[  0%] Built target geometry_msgs_generate_messages_eus
[35m[1mScanning dependencies of target rosgraph_msgs_generate_messages_cpp[0m
[  0%] Built target rosgraph_msgs_generate_messages_cpp
[35m[1mScanning dependencies of target control_toolbox_generate_messages_nodejs[0m
[  0%] Built target control_toolbox_generate_messages_nodejs
[35m[1mScanning dependencies of target sensor_msgs_generate_messages_eus[0m
[  0%] Built target sensor_msgs_generate_messages_eus
[35m[1mScanning dependencies of target std_msgs_generate_messages_nodejs[0m
[  0%] Built target std_msgs_generate_messages_nodejs
[35m[1mScanning dependencies of target roscpp_generate_messages_nodejs[0m
[  0%] Built target roscpp_generate_messages_nodejs
[35m[1mScanning dependencies of target std_msgs_generate_messages_lisp[0m
[  0%] Built target std_msgs_generate_messages_lisp
[35m[1mScanning dependencies of target control_toolbox_generate_messages_lisp[0m
[  0%] Built target control_toolbox_generate_messages_lisp
[35m[1mScanning dependencies of target rosgraph_msgs_generate_messages_lisp[0m
[  0%] Built target rosgraph_msgs_generate_messages_lisp
[35m[1mScanning dependencies of target actionlib_generate_messages_cpp[0m
[  0%] Built target actionlib_generate_messages_cpp
[35m[1mScanning dependencies of target control_msgs_generate_messages_nodejs[0m
[  0%] Built target control_msgs_generate_messages_nodejs
[35m[1mScanning dependencies of target roscpp_generate_messages_cpp[0m
[  0%] Built target roscpp_generate_messages_cpp
[35m[1mScanning dependencies of target sensor_msgs_generate_messages_nodejs[0m
[  0%] Built target sensor_msgs_generate_messages_nodejs
[35m[1mScanning dependencies of target control_msgs_generate_messages_eus[0m
[  0%] Built target control_msgs_generate_messages_eus
[35m[1mScanning dependencies of target sensor_msgs_generate_messages_lisp[0m
[  0%] Built target sensor_msgs_generate_messages_lisp
[35m[1mScanning dependencies of target roscpp_generate_messages_lisp[0m
[  0%] Built target roscpp_generate_messages_lisp
[35m[1mScanning dependencies of target std_srvs_generate_messages_eus[0m
[  0%] Built target std_srvs_generate_messages_eus
[35m[1mScanning dependencies of target geometry_msgs_generate_messages_nodejs[0m
[  0%] Built target geometry_msgs_generate_messages_nodejs
[35m[1mScanning dependencies of target std_msgs_generate_messages_cpp[0m
[  0%] Built target std_msgs_generate_messages_cpp
[35m[1mScanning dependencies of target actionlib_msgs_generate_messages_nodejs[0m
[  0%] Built target actionlib_msgs_generate_messages_nodejs
[35m[1mScanning dependencies of target actionlib_generate_messages_eus[0m
[  0%] Built target actionlib_generate_messages_eus
[35m[1mScanning dependencies of target std_srvs_generate_messages_nodejs[0m
[  0%] Built target std_srvs_generate_messages_nodejs
[35m[1mScanning dependencies of target control_msgs_generate_messages_py[0m
[  0%] Built target control_msgs_generate_messages_py
[35m[1mScanning dependencies of target rosgraph_msgs_generate_messages_nodejs[0m
[  0%] Built target rosgraph_msgs_generate_messages_nodejs
[35m[1mScanning dependencies of target std_msgs_generate_messages_py[0m
[  0%] Built target std_msgs_generate_messages_py
[35m[1mScanning dependencies of target control_toolbox_gencfg[0m
[  0%] Built target control_toolbox_gencfg
[35m[1mScanning dependencies of target std_msgs_generate_messages_eus[0m
[  0%] Built target std_msgs_generate_messages_eus
[35m[1mScanning dependencies of target trajectory_msgs_generate_messages_py[0m
[  0%] Built target trajectory_msgs_generate_messages_py
[35m[1mScanning dependencies of target control_msgs_generate_messages_lisp[0m
[  0%] Built target control_msgs_generate_messages_lisp
[35m[1mScanning dependencies of target tf_generate_messages_cpp[0m
[  0%] Built target tf_generate_messages_cpp
[35m[1mScanning dependencies of target actionlib_generate_messages_nodejs[0m
[  0%] Built target actionlib_generate_messages_nodejs
[35m[1mScanning dependencies of target rosgraph_msgs_generate_messages_eus[0m
[  0%] Built target rosgraph_msgs_generate_messages_eus
[35m[1mScanning dependencies of target std_srvs_generate_messages_cpp[0m
[  0%] Built target std_srvs_generate_messages_cpp
[35m[1mScanning dependencies of target roscpp_generate_messages_eus[0m
[  0%] Built target roscpp_generate_messages_eus
[35m[1mScanning dependencies of target rosgraph_msgs_generate_messages_py[0m
[  0%] Built target rosgraph_msgs_generate_messages_py
[35m[1mScanning dependencies of target actionlib_msgs_generate_messages_eus[0m
[  0%] Built target actionlib_msgs_generate_messages_eus
[35m[1mScanning dependencies of target actionlib_msgs_generate_messages_lisp[0m
[  0%] Built target actionlib_msgs_generate_messages_lisp
[35m[1mScanning dependencies of target actionlib_msgs_generate_messages_py[0m
[  0%] Built target actionlib_msgs_generate_messages_py
[35m[1mScanning dependencies of target controller_manager_msgs_generate_messages_cpp[0m
[  0%] Built target controller_manager_msgs_generate_messages_cpp
[35m[1mScanning dependencies of target controller_manager_msgs_generate_messages_nodejs[0m
[  0%] Built target controller_manager_msgs_generate_messages_nodejs
[35m[1mScanning dependencies of target actionlib_generate_messages_lisp[0m
[  0%] Built target actionlib_generate_messages_lisp
[35m[1mScanning dependencies of target geometry_msgs_generate_messages_cpp[0m
[  0%] Built target geometry_msgs_generate_messages_cpp
[35m[1mScanning dependencies of target geometry_msgs_generate_messages_lisp[0m
[  0%] Built target geometry_msgs_generate_messages_lisp
[35m[1mScanning dependencies of target geometry_msgs_generate_messages_py[0m
[  0%] Built target geometry_msgs_generate_messages_py
[35m[1mScanning dependencies of target trajectory_msgs_generate_messages_cpp[0m
[  0%] Built target trajectory_msgs_generate_messages_cpp
[35m[1mScanning dependencies of target trajectory_msgs_generate_messages_lisp[0m
[  0%] Built target trajectory_msgs_generate_messages_lisp
[35m[1mScanning dependencies of target trajectory_msgs_generate_messages_nodejs[0m
[  0%] Built target trajectory_msgs_generate_messages_nodejs
[35m[1mScanning dependencies of target trajectory_msgs_generate_messages_eus[0m
[  0%] Built target trajectory_msgs_generate_messages_eus
[35m[1mScanning dependencies of target controller_manager_msgs_generate_messages_eus[0m
[  0%] Built target controller_manager_msgs_generate_messages_eus
[35m[1mScanning dependencies of target sensor_msgs_generate_messages_cpp[0m
[  0%] Built target sensor_msgs_generate_messages_cpp
[35m[1mScanning dependencies of target controller_manager_msgs_generate_messages_lisp[0m
[  0%] Built target controller_manager_msgs_generate_messages_lisp
[35m[1mScanning dependencies of target controller_manager_msgs_generate_messages_py[0m
[  0%] Built target controller_manager_msgs_generate_messages_py
[35m[1mScanning dependencies of target _catkin_empty_exported_target[0m
[  0%] Built target _catkin_empty_exported_target
[35m[1mScanning dependencies of target std_srvs_generate_messages_lisp[0m
[  0%] Built target std_srvs_generate_messages_lisp
[35m[1mScanning dependencies of target sensor_msgs_generate_messages_py[0m
[  0%] Built target sensor_msgs_generate_messages_py
[35m[1mScanning dependencies of target dynamic_reconfigure_generate_messages_cpp[0m
[  0%] Built target dynamic_reconfigure_generate_messages_cpp
[35m[1mScanning dependencies of target tf_generate_messages_py[0m
[  0%] Built target tf_generate_messages_py
[35m[1mScanning dependencies of target std_srvs_generate_messages_py[0m
[  0%] Built target std_srvs_generate_messages_py
[35m[1mScanning dependencies of target actionlib_msgs_generate_messages_cpp[0m
[  0%] Built target actionlib_msgs_generate_messages_cpp
[35m[1mScanning dependencies of target tf_generate_messages_eus[0m
[  0%] Built target tf_generate_messages_eus
[35m[1mScanning dependencies of target tf_generate_messages_lisp[0m
[  0%] Built target tf_generate_messages_lisp
[35m[1mScanning dependencies of target tf_generate_messages_nodejs[0m
[  0%] Built target tf_generate_messages_nodejs
[35m[1mScanning dependencies of target control_toolbox_generate_messages_eus[0m
[  0%] Built target control_toolbox_generate_messages_eus
[35m[1mScanning dependencies of target ur_dashboard_msgs_generate_messages_nodejs[0m
[  0%] Built target ur_dashboard_msgs_generate_messages_nodejs
[35m[1mScanning dependencies of target tf2_msgs_generate_messages_cpp[0m
[  0%] Built target tf2_msgs_generate_messages_cpp
[35m[1mScanning dependencies of target tf2_msgs_generate_messages_eus[0m
[  0%] Built target tf2_msgs_generate_messages_eus
[35m[1mScanning dependencies of target dynamic_reconfigure_gencfg[0m
[  0%] Built target dynamic_reconfigure_gencfg
[35m[1mScanning dependencies of target tf2_msgs_generate_messages_lisp[0m
[  0%] Built target tf2_msgs_generate_messages_lisp
[35m[1mScanning dependencies of target actionlib_generate_messages_py[0m
[  0%] Built target actionlib_generate_messages_py
[35m[1mScanning dependencies of target tf2_msgs_generate_messages_py[0m
[  0%] Built target tf2_msgs_generate_messages_py
[35m[1mScanning dependencies of target tf2_msgs_generate_messages_nodejs[0m
[  0%] Built target tf2_msgs_generate_messages_nodejs
[35m[1mScanning dependencies of target control_toolbox_generate_messages_cpp[0m
[  0%] Built target control_toolbox_generate_messages_cpp
[35m[1mScanning dependencies of target control_toolbox_generate_messages_py[0m
[  0%] Built target control_toolbox_generate_messages_py
[35m[1mScanning dependencies of target ur_robot_driver[0m
[  2%] [32mBuilding CXX object CMakeFiles/ur_robot_driver.dir/src/comm/tcp_socket.cpp.o[0m
[  5%] [32mBuilding CXX object CMakeFiles/ur_robot_driver.dir/src/comm/server.cpp.o[0m
[  8%] [32mBuilding CXX object CMakeFiles/ur_robot_driver.dir/src/primary/primary_package.cpp.o[0m
[ 11%] [32mBuilding CXX object CMakeFiles/ur_robot_driver.dir/src/primary/robot_message.cpp.o[0m
[ 14%] [32mBuilding CXX object CMakeFiles/ur_robot_driver.dir/src/primary/robot_message/version_message.cpp.o[0m
[ 17%] [32mBuilding CXX object CMakeFiles/ur_robot_driver.dir/src/primary/robot_state/kinematics_info.cpp.o[0m
[ 20%] [32mBuilding CXX object CMakeFiles/ur_robot_driver.dir/src/rtde/control_package_pause.cpp.o[0m
[ 22%] [32mBuilding CXX object CMakeFiles/ur_robot_driver.dir/src/rtde/control_package_setup_inputs.cpp.o[0m
[ 25%] [32mBuilding CXX object CMakeFiles/ur_robot_driver.dir/src/rtde/control_package_setup_outputs.cpp.o[0m
[ 28%] [32mBuilding CXX object CMakeFiles/ur_robot_driver.dir/src/rtde/control_package_start.cpp.o[0m
[ 31%] [32mBuilding CXX object CMakeFiles/ur_robot_driver.dir/src/rtde/data_package.cpp.o[0m
[ 34%] [32mBuilding CXX object CMakeFiles/ur_robot_driver.dir/src/rtde/get_urcontrol_version.cpp.o[0m
[ 37%] [32mBuilding CXX object CMakeFiles/ur_robot_driver.dir/src/rtde/request_protocol_version.cpp.o[0m
[ 40%] [32mBuilding CXX object CMakeFiles/ur_robot_driver.dir/src/rtde/rtde_package.cpp.o[0m
[ 42%] [32mBuilding CXX object CMakeFiles/ur_robot_driver.dir/src/rtde/text_message.cpp.o[0m
[ 45%] [32mBuilding CXX object CMakeFiles/ur_robot_driver.dir/src/rtde/rtde_client.cpp.o[0m
[ 48%] [32mBuilding CXX object CMakeFiles/ur_robot_driver.dir/src/ur/ur_driver.cpp.o[0m
[ 51%] [32mBuilding CXX object CMakeFiles/ur_robot_driver.dir/src/ur/calibration_checker.cpp.o[0m
[ 54%] [32mBuilding CXX object CMakeFiles/ur_robot_driver.dir/src/ur/dashboard_client.cpp.o[0m
[ 57%] [32mBuilding CXX object CMakeFiles/ur_robot_driver.dir/src/ur/tool_communication.cpp.o[0m
[ 60%] [32mBuilding CXX object CMakeFiles/ur_robot_driver.dir/src/rtde/rtde_writer.cpp.o[0m
[ 62%] [32m[1mLinking CXX shared library /home/ubuntu/Desktop/ur10e-hanoi/devel/.private/ur_robot_driver/lib/libur_robot_driver.so[0m
[ 62%] Built target ur_robot_driver
[35m[1mScanning dependencies of target robot_state_helper[0m
[ 65%] [32mBuilding CXX object CMakeFiles/robot_state_helper.dir/src/ros/robot_state_helper.cpp.o[0m
[ 68%] [32mBuilding CXX object CMakeFiles/robot_state_helper.dir/src/ros/robot_state_helper_node.cpp.o[0m
[ 71%] [32m[1mLinking CXX executable /home/ubuntu/Desktop/ur10e-hanoi/devel/.private/ur_robot_driver/lib/ur_robot_driver/robot_state_helper[0m
[ 71%] Built target robot_state_helper
[35m[1mScanning dependencies of target dashboard_client[0m
[ 74%] [32mBuilding CXX object CMakeFiles/dashboard_client.dir/src/ros/dashboard_client_ros.cpp.o[0m
[ 77%] [32mBuilding CXX object CMakeFiles/dashboard_client.dir/src/ros/dashboard_client_node.cpp.o[0m
[ 80%] [32m[1mLinking CXX executable /home/ubuntu/Desktop/ur10e-hanoi/devel/.private/ur_robot_driver/lib/ur_robot_driver/dashboard_client[0m
[ 80%] Built target dashboard_client
[35m[1mScanning dependencies of target ur_robot_driver_node[0m
[ 82%] [32mBuilding CXX object CMakeFiles/ur_robot_driver_node.dir/src/ros/dashboard_client_ros.cpp.o[0m
[ 85%] [32mBuilding CXX object CMakeFiles/ur_robot_driver_node.dir/src/ros/hardware_interface.cpp.o[0m
[01m[K/home/ubuntu/Desktop/ur10e-hanoi/src/iris_ur10e/ur_robot_driver/src/ros/hardware_interface.cpp:[m[K In member function ‘[01m[Kvoid ur_driver::HardwareInterface::extractToolPose(const ros::Time&)[m[K’:
[01m[K/home/ubuntu/Desktop/ur10e-hanoi/src/iris_ur10e/ur_robot_driver/src/ros/hardware_interface.cpp:569:37:[m[K [01;35m[Kwarning: [m[K‘[01m[Krotation.tf2::QuadWord::m_floats[3][m[K’ may be used uninitialized in this function [[01;35m[K-Wmaybe-uninitialized[m[K]
   [01;35m[Ktcp_transform_.transform.rotation = tf2::toMsg(rotation)[m[K;
   [01;35m[K~~~~~~~~~~~~~~~~~~~~~~~~~~~~~~~~~~^~~~~~~~~~~~~~~~~~~~~~[m[K
[01m[K/home/ubuntu/Desktop/ur10e-hanoi/src/iris_ur10e/ur_robot_driver/src/ros/hardware_interface.cpp:569:37:[m[K [01;35m[Kwarning: [m[K‘[01m[Krotation.tf2::QuadWord::m_floats[2][m[K’ may be used uninitialized in this function [[01;35m[K-Wmaybe-uninitialized[m[K]
[01m[K/home/ubuntu/Desktop/ur10e-hanoi/src/iris_ur10e/ur_robot_driver/src/ros/hardware_interface.cpp:569:37:[m[K [01;35m[Kwarning: [m[K‘[01m[Krotation.tf2::QuadWord::m_floats[1][m[K’ may be used uninitialized in this function [[01;35m[K-Wmaybe-uninitialized[m[K]
[01m[K/home/ubuntu/Desktop/ur10e-hanoi/src/iris_ur10e/ur_robot_driver/src/ros/hardware_interface.cpp:569:37:[m[K [01;35m[Kwarning: [m[K‘[01m[Krotation.tf2::QuadWord::m_floats[0][m[K’ may be used uninitialized in this function [[01;35m[K-Wmaybe-uninitialized[m[K]
[ 88%] [32mBuilding CXX object CMakeFiles/ur_robot_driver_node.dir/src/ros/hardware_interface_node.cpp.o[0m
[ 91%] [32m[1mLinking CXX executable /home/ubuntu/Desktop/ur10e-hanoi/devel/.private/ur_robot_driver/lib/ur_robot_driver/ur_robot_driver_node[0m
[ 91%] Built target ur_robot_driver_node
[35m[1mScanning dependencies of target ur_robot_driver_plugin[0m
[ 94%] [32mBuilding CXX object CMakeFiles/ur_robot_driver_plugin.dir/src/ros/dashboard_client_ros.cpp.o[0m
[ 97%] [32mBuilding CXX object CMakeFiles/ur_robot_driver_plugin.dir/src/ros/hardware_interface.cpp.o[0m
[01m[K/home/ubuntu/Desktop/ur10e-hanoi/src/iris_ur10e/ur_robot_driver/src/ros/hardware_interface.cpp:[m[K In member function ‘[01m[Kvoid ur_driver::HardwareInterface::extractToolPose(const ros::Time&)[m[K’:
[01m[K/home/ubuntu/Desktop/ur10e-hanoi/src/iris_ur10e/ur_robot_driver/src/ros/hardware_interface.cpp:569:37:[m[K [01;35m[Kwarning: [m[K‘[01m[Krotation.tf2::QuadWord::m_floats[3][m[K’ may be used uninitialized in this function [[01;35m[K-Wmaybe-uninitialized[m[K]
   [01;35m[Ktcp_transform_.transform.rotation = tf2::toMsg(rotation)[m[K;
   [01;35m[K~~~~~~~~~~~~~~~~~~~~~~~~~~~~~~~~~~^~~~~~~~~~~~~~~~~~~~~~[m[K
[01m[K/home/ubuntu/Desktop/ur10e-hanoi/src/iris_ur10e/ur_robot_driver/src/ros/hardware_interface.cpp:569:37:[m[K [01;35m[Kwarning: [m[K‘[01m[Krotation.tf2::QuadWord::m_floats[2][m[K’ may be used uninitialized in this function [[01;35m[K-Wmaybe-uninitialized[m[K]
[01m[K/home/ubuntu/Desktop/ur10e-hanoi/src/iris_ur10e/ur_robot_driver/src/ros/hardware_interface.cpp:569:37:[m[K [01;35m[Kwarning: [m[K‘[01m[Krotation.tf2::QuadWord::m_floats[1][m[K’ may be used uninitialized in this function [[01;35m[K-Wmaybe-uninitialized[m[K]
[01m[K/home/ubuntu/Desktop/ur10e-hanoi/src/iris_ur10e/ur_robot_driver/src/ros/hardware_interface.cpp:569:37:[m[K [01;35m[Kwarning: [m[K‘[01m[Krotation.tf2::QuadWord::m_floats[0][m[K’ may be used uninitialized in this function [[01;35m[K-Wmaybe-uninitialized[m[K]
[100%] [32m[1mLinking CXX shared library /home/ubuntu/Desktop/ur10e-hanoi/devel/.private/ur_robot_driver/lib/libur_robot_driver_plugin.so[0m
[100%] Built target ur_robot_driver_plugin
