Determining if the pthread_create exist failed with the following output:
Change Dir: /home/ubuntu/Desktop/ur10e-hanoi/build/ur_e_description/CMakeFiles/CMakeTmp

Run Build Command:"/usr/bin/make" "cmTC_6f4ab/fast"
/usr/bin/make -f CMakeFiles/cmTC_6f4ab.dir/build.make CMakeFiles/cmTC_6f4ab.dir/build
make[1]: Entering directory '/home/ubuntu/Desktop/ur10e-hanoi/build/ur_e_description/CMakeFiles/CMakeTmp'
Building C object CMakeFiles/cmTC_6f4ab.dir/CheckSymbolExists.c.o
/usr/bin/cc    -o CMakeFiles/cmTC_6f4ab.dir/CheckSymbolExists.c.o   -c /home/ubuntu/Desktop/ur10e-hanoi/build/ur_e_description/CMakeFiles/CMakeTmp/CheckSymbolExists.c
Linking C executable cmTC_6f4ab
/usr/bin/cmake -E cmake_link_script CMakeFiles/cmTC_6f4ab.dir/link.txt --verbose=1
/usr/bin/cc      -rdynamic CMakeFiles/cmTC_6f4ab.dir/CheckSymbolExists.c.o  -o cmTC_6f4ab 
CMakeFiles/cmTC_6f4ab.dir/CheckSymbolExists.c.o: In function `main':
CheckSymbolExists.c:(.text+0x1b): undefined reference to `pthread_create'
collect2: error: ld returned 1 exit status
CMakeFiles/cmTC_6f4ab.dir/build.make:97: recipe for target 'cmTC_6f4ab' failed
make[1]: *** [cmTC_6f4ab] Error 1
make[1]: Leaving directory '/home/ubuntu/Desktop/ur10e-hanoi/build/ur_e_description/CMakeFiles/CMakeTmp'
Makefile:126: recipe for target 'cmTC_6f4ab/fast' failed
make: *** [cmTC_6f4ab/fast] Error 2

File /home/ubuntu/Desktop/ur10e-hanoi/build/ur_e_description/CMakeFiles/CMakeTmp/CheckSymbolExists.c:
/* */
#include <pthread.h>

int main(int argc, char** argv)
{
  (void)argv;
#ifndef pthread_create
  return ((int*)(&pthread_create))[argc];
#else
  (void)argc;
  return 0;
#endif
}

Determining if the function pthread_create exists in the pthreads failed with the following output:
Change Dir: /home/ubuntu/Desktop/ur10e-hanoi/build/ur_e_description/CMakeFiles/CMakeTmp

Run Build Command:"/usr/bin/make" "cmTC_2bed5/fast"
/usr/bin/make -f CMakeFiles/cmTC_2bed5.dir/build.make CMakeFiles/cmTC_2bed5.dir/build
make[1]: Entering directory '/home/ubuntu/Desktop/ur10e-hanoi/build/ur_e_description/CMakeFiles/CMakeTmp'
Building C object CMakeFiles/cmTC_2bed5.dir/CheckFunctionExists.c.o
/usr/bin/cc   -DCHECK_FUNCTION_EXISTS=pthread_create   -o CMakeFiles/cmTC_2bed5.dir/CheckFunctionExists.c.o   -c /usr/share/cmake-3.10/Modules/CheckFunctionExists.c
Linking C executable cmTC_2bed5
/usr/bin/cmake -E cmake_link_script CMakeFiles/cmTC_2bed5.dir/link.txt --verbose=1
/usr/bin/cc  -DCHECK_FUNCTION_EXISTS=pthread_create    -rdynamic CMakeFiles/cmTC_2bed5.dir/CheckFunctionExists.c.o  -o cmTC_2bed5 -lpthreads 
/usr/bin/ld: cannot find -lpthreads
collect2: error: ld returned 1 exit status
CMakeFiles/cmTC_2bed5.dir/build.make:97: recipe for target 'cmTC_2bed5' failed
make[1]: *** [cmTC_2bed5] Error 1
make[1]: Leaving directory '/home/ubuntu/Desktop/ur10e-hanoi/build/ur_e_description/CMakeFiles/CMakeTmp'
Makefile:126: recipe for target 'cmTC_2bed5/fast' failed
make: *** [cmTC_2bed5/fast] Error 2


